<?xml version="1.0" encoding="UTF-8"?>
<testsuite xmlns:xsi="http://www.w3.org/2001/XMLSchema-instance" xsi:noNamespaceSchemaLocation="https://maven.apache.org/surefire/maven-surefire-plugin/xsd/surefire-test-report.xsd" name="yq.AppTest" time="0.05" tests="1" errors="0" skipped="0" failures="0">
  <properties>
    <property name="sun.desktop" value="windows"/>
    <property name="awt.toolkit" value="sun.awt.windows.WToolkit"/>
    <property name="file.encoding.pkg" value="sun.io"/>
    <property name="java.specification.version" value="1.8"/>
    <property name="sun.cpu.isalist" value="amd64"/>
    <property name="sun.jnu.encoding" value="GBK"/>
    <property name="java.class.path" value="C:\Users\Administrator\Desktop\test\target\test-classes;C:\Users\Administrator\Desktop\test\target\classes;D:\Idea\ideaRepository\io\jsonwebtoken\jjwt\0.7.0\jjwt-0.7.0.jar;D:\Idea\ideaRepository\com\fasterxml\jackson\core\jackson-databind\2.9.9\jackson-databind-2.9.9.jar;D:\Idea\ideaRepository\com\fasterxml\jackson\core\jackson-annotations\2.9.0\jackson-annotations-2.9.0.jar;D:\Idea\ideaRepository\com\fasterxml\jackson\core\jackson-core\2.9.9\jackson-core-2.9.9.jar;D:\Idea\ideaRepository\org\apache\shiro\shiro-spring\1.3.2\shiro-spring-1.3.2.jar;D:\Idea\ideaRepository\org\apache\shiro\shiro-core\1.3.2\shiro-core-1.3.2.jar;D:\Idea\ideaRepository\org\slf4j\slf4j-api\1.7.26\slf4j-api-1.7.26.jar;D:\Idea\ideaRepository\commons-beanutils\commons-beanutils\1.8.3\commons-beanutils-1.8.3.jar;D:\Idea\ideaRepository\org\apache\shiro\shiro-web\1.3.2\shiro-web-1.3.2.jar;D:\Idea\ideaRepository\org\springframework\boot\spring-boot-starter-web\2.1.6.RELEASE\spring-boot-starter-web-2.1.6.RELEASE.jar;D:\Idea\ideaRepository\org\springframework\boot\spring-boot-starter\2.1.6.RELEASE\spring-boot-starter-2.1.6.RELEASE.jar;D:\Idea\ideaRepository\org\springframework\boot\spring-boot-starter-logging\2.1.6.RELEASE\spring-boot-starter-logging-2.1.6.RELEASE.jar;D:\Idea\ideaRepository\ch\qos\logback\logback-classic\1.2.3\logback-classic-1.2.3.jar;D:\Idea\ideaRepository\ch\qos\logback\logback-core\1.2.3\logback-core-1.2.3.jar;D:\Idea\ideaRepository\org\apache\logging\log4j\log4j-to-slf4j\2.11.2\log4j-to-slf4j-2.11.2.jar;D:\Idea\ideaRepository\org\apache\logging\log4j\log4j-api\2.11.2\log4j-api-2.11.2.jar;D:\Idea\ideaRepository\org\slf4j\jul-to-slf4j\1.7.26\jul-to-slf4j-1.7.26.jar;D:\Idea\ideaRepository\javax\annotation\javax.annotation-api\1.3.2\javax.annotation-api-1.3.2.jar;D:\Idea\ideaRepository\org\yaml\snakeyaml\1.23\snakeyaml-1.23.jar;D:\Idea\ideaRepository\org\springframework\boot\spring-boot-starter-json\2.1.6.RELEASE\spring-boot-starter-json-2.1.6.RELEASE.jar;D:\Idea\ideaRepository\com\fasterxml\jackson\datatype\jackson-datatype-jdk8\2.9.9\jackson-datatype-jdk8-2.9.9.jar;D:\Idea\ideaRepository\com\fasterxml\jackson\datatype\jackson-datatype-jsr310\2.9.9\jackson-datatype-jsr310-2.9.9.jar;D:\Idea\ideaRepository\com\fasterxml\jackson\module\jackson-module-parameter-names\2.9.9\jackson-module-parameter-names-2.9.9.jar;D:\Idea\ideaRepository\org\springframework\boot\spring-boot-starter-tomcat\2.1.6.RELEASE\spring-boot-starter-tomcat-2.1.6.RELEASE.jar;D:\Idea\ideaRepository\org\apache\tomcat\embed\tomcat-embed-core\9.0.21\tomcat-embed-core-9.0.21.jar;D:\Idea\ideaRepository\org\apache\tomcat\embed\tomcat-embed-el\9.0.21\tomcat-embed-el-9.0.21.jar;D:\Idea\ideaRepository\org\apache\tomcat\embed\tomcat-embed-websocket\9.0.21\tomcat-embed-websocket-9.0.21.jar;D:\Idea\ideaRepository\org\hibernate\validator\hibernate-validator\6.0.17.Final\hibernate-validator-6.0.17.Final.jar;D:\Idea\ideaRepository\javax\validation\validation-api\2.0.1.Final\validation-api-2.0.1.Final.jar;D:\Idea\ideaRepository\org\jboss\logging\jboss-logging\3.3.2.Final\jboss-logging-3.3.2.Final.jar;D:\Idea\ideaRepository\com\fasterxml\classmate\1.4.0\classmate-1.4.0.jar;D:\Idea\ideaRepository\org\springframework\spring-web\5.1.8.RELEASE\spring-web-5.1.8.RELEASE.jar;D:\Idea\ideaRepository\org\springframework\spring-beans\5.1.8.RELEASE\spring-beans-5.1.8.RELEASE.jar;D:\Idea\ideaRepository\org\springframework\spring-webmvc\5.1.8.RELEASE\spring-webmvc-5.1.8.RELEASE.jar;D:\Idea\ideaRepository\org\springframework\spring-context\5.1.8.RELEASE\spring-context-5.1.8.RELEASE.jar;D:\Idea\ideaRepository\org\springframework\spring-expression\5.1.8.RELEASE\spring-expression-5.1.8.RELEASE.jar;D:\Idea\ideaRepository\org\springframework\boot\spring-boot-devtools\2.1.6.RELEASE\spring-boot-devtools-2.1.6.RELEASE.jar;D:\Idea\ideaRepository\org\springframework\boot\spring-boot\2.1.6.RELEASE\spring-boot-2.1.6.RELEASE.jar;D:\Idea\ideaRepository\org\springframework\boot\spring-boot-autoconfigure\2.1.6.RELEASE\spring-boot-autoconfigure-2.1.6.RELEASE.jar;D:\Idea\ideaRepository\mysql\mysql-connector-java\8.0.16\mysql-connector-java-8.0.16.jar;D:\Idea\ideaRepository\org\springframework\boot\spring-boot-starter-data-jpa\2.1.6.RELEASE\spring-boot-starter-data-jpa-2.1.6.RELEASE.jar;D:\Idea\ideaRepository\org\springframework\boot\spring-boot-starter-jdbc\2.1.6.RELEASE\spring-boot-starter-jdbc-2.1.6.RELEASE.jar;D:\Idea\ideaRepository\com\zaxxer\HikariCP\3.2.0\HikariCP-3.2.0.jar;D:\Idea\ideaRepository\org\springframework\spring-jdbc\5.1.8.RELEASE\spring-jdbc-5.1.8.RELEASE.jar;D:\Idea\ideaRepository\javax\transaction\javax.transaction-api\1.3\javax.transaction-api-1.3.jar;D:\Idea\ideaRepository\javax\xml\bind\jaxb-api\2.3.1\jaxb-api-2.3.1.jar;D:\Idea\ideaRepository\javax\activation\javax.activation-api\1.2.0\javax.activation-api-1.2.0.jar;D:\Idea\ideaRepository\org\hibernate\hibernate-core\5.3.10.Final\hibernate-core-5.3.10.Final.jar;D:\Idea\ideaRepository\javax\persistence\javax.persistence-api\2.2\javax.persistence-api-2.2.jar;D:\Idea\ideaRepository\org\javassist\javassist\3.23.2-GA\javassist-3.23.2-GA.jar;D:\Idea\ideaRepository\net\bytebuddy\byte-buddy\1.9.13\byte-buddy-1.9.13.jar;D:\Idea\ideaRepository\antlr\antlr\2.7.7\antlr-2.7.7.jar;D:\Idea\ideaRepository\org\jboss\jandex\2.0.5.Final\jandex-2.0.5.Final.jar;D:\Idea\ideaRepository\org\dom4j\dom4j\2.1.1\dom4j-2.1.1.jar;D:\Idea\ideaRepository\org\hibernate\common\hibernate-commons-annotations\5.0.4.Final\hibernate-commons-annotations-5.0.4.Final.jar;D:\Idea\ideaRepository\org\springframework\data\spring-data-jpa\2.1.9.RELEASE\spring-data-jpa-2.1.9.RELEASE.jar;D:\Idea\ideaRepository\org\springframework\data\spring-data-commons\2.1.9.RELEASE\spring-data-commons-2.1.9.RELEASE.jar;D:\Idea\ideaRepository\org\springframework\spring-orm\5.1.8.RELEASE\spring-orm-5.1.8.RELEASE.jar;D:\Idea\ideaRepository\org\springframework\spring-tx\5.1.8.RELEASE\spring-tx-5.1.8.RELEASE.jar;D:\Idea\ideaRepository\org\springframework\spring-aspects\5.1.8.RELEASE\spring-aspects-5.1.8.RELEASE.jar;D:\Idea\ideaRepository\org\projectlombok\lombok\1.18.8\lombok-1.18.8.jar;D:\Idea\ideaRepository\org\springframework\boot\spring-boot-starter-test\2.1.6.RELEASE\spring-boot-starter-test-2.1.6.RELEASE.jar;D:\Idea\ideaRepository\org\springframework\boot\spring-boot-test\2.1.6.RELEASE\spring-boot-test-2.1.6.RELEASE.jar;D:\Idea\ideaRepository\org\springframework\boot\spring-boot-test-autoconfigure\2.1.6.RELEASE\spring-boot-test-autoconfigure-2.1.6.RELEASE.jar;D:\Idea\ideaRepository\com\jayway\jsonpath\json-path\2.4.0\json-path-2.4.0.jar;D:\Idea\ideaRepository\net\minidev\json-smart\2.3\json-smart-2.3.jar;D:\Idea\ideaRepository\net\minidev\accessors-smart\1.2\accessors-smart-1.2.jar;D:\Idea\ideaRepository\org\ow2\asm\asm\5.0.4\asm-5.0.4.jar;D:\Idea\ideaRepository\junit\junit\4.12\junit-4.12.jar;D:\Idea\ideaRepository\org\assertj\assertj-core\3.11.1\assertj-core-3.11.1.jar;D:\Idea\ideaRepository\org\mockito\mockito-core\2.23.4\mockito-core-2.23.4.jar;D:\Idea\ideaRepository\net\bytebuddy\byte-buddy-agent\1.9.13\byte-buddy-agent-1.9.13.jar;D:\Idea\ideaRepository\org\objenesis\objenesis\2.6\objenesis-2.6.jar;D:\Idea\ideaRepository\org\hamcrest\hamcrest-core\1.3\hamcrest-core-1.3.jar;D:\Idea\ideaRepository\org\hamcrest\hamcrest-library\1.3\hamcrest-library-1.3.jar;D:\Idea\ideaRepository\org\skyscreamer\jsonassert\1.5.0\jsonassert-1.5.0.jar;D:\Idea\ideaRepository\com\vaadin\external\google\android-json\0.0.20131108.vaadin1\android-json-0.0.20131108.vaadin1.jar;D:\Idea\ideaRepository\org\springframework\spring-core\5.1.8.RELEASE\spring-core-5.1.8.RELEASE.jar;D:\Idea\ideaRepository\org\springframework\spring-jcl\5.1.8.RELEASE\spring-jcl-5.1.8.RELEASE.jar;D:\Idea\ideaRepository\org\springframework\spring-test\5.1.8.RELEASE\spring-test-5.1.8.RELEASE.jar;D:\Idea\ideaRepository\org\xmlunit\xmlunit-core\2.6.2\xmlunit-core-2.6.2.jar;D:\Idea\ideaRepository\org\apache\commons\commons-lang3\3.8.1\commons-lang3-3.8.1.jar;D:\Idea\ideaRepository\com\alibaba\fastjson\1.2.30\fastjson-1.2.30.jar;D:\Idea\ideaRepository\org\springframework\boot\spring-boot-starter-aop\2.1.6.RELEASE\spring-boot-starter-aop-2.1.6.RELEASE.jar;D:\Idea\ideaRepository\org\springframework\spring-aop\5.1.8.RELEASE\spring-aop-5.1.8.RELEASE.jar;D:\Idea\ideaRepository\org\aspectj\aspectjweaver\1.9.4\aspectjweaver-1.9.4.jar;"/>
    <property name="java.vm.vendor" value="Oracle Corporation"/>
    <property name="sun.arch.data.model" value="64"/>
    <property name="user.variant" value=""/>
    <property name="java.vendor.url" value="http://java.oracle.com/"/>
    <property name="user.timezone" value="Asia/Shanghai"/>
    <property name="java.vm.specification.version" value="1.8"/>
    <property name="os.name" value="Windows 10"/>
    <property name="user.country" value="CN"/>
    <property name="sun.java.launcher" value="SUN_STANDARD"/>
    <property name="sun.boot.library.path" value="D:\ProgramFiles\Java\jdk1.8\jre\bin"/>
    <property name="sun.java.command" value="C:\Users\ADMINI~1\AppData\Local\Temp\surefire4653036642154575082\surefirebooter1703728361895539239.jar C:\Users\Administrator\AppData\Local\Temp\surefire4653036642154575082 2019-08-16T09-53-43_747-jvmRun1 surefire2475703441239859673tmp surefire_08273384813817823406tmp"/>
    <property name="surefire.test.class.path" value="C:\Users\Administrator\Desktop\test\target\test-classes;C:\Users\Administrator\Desktop\test\target\classes;D:\Idea\ideaRepository\io\jsonwebtoken\jjwt\0.7.0\jjwt-0.7.0.jar;D:\Idea\ideaRepository\com\fasterxml\jackson\core\jackson-databind\2.9.9\jackson-databind-2.9.9.jar;D:\Idea\ideaRepository\com\fasterxml\jackson\core\jackson-annotations\2.9.0\jackson-annotations-2.9.0.jar;D:\Idea\ideaRepository\com\fasterxml\jackson\core\jackson-core\2.9.9\jackson-core-2.9.9.jar;D:\Idea\ideaRepository\org\apache\shiro\shiro-spring\1.3.2\shiro-spring-1.3.2.jar;D:\Idea\ideaRepository\org\apache\shiro\shiro-core\1.3.2\shiro-core-1.3.2.jar;D:\Idea\ideaRepository\org\slf4j\slf4j-api\1.7.26\slf4j-api-1.7.26.jar;D:\Idea\ideaRepository\commons-beanutils\commons-beanutils\1.8.3\commons-beanutils-1.8.3.jar;D:\Idea\ideaRepository\org\apache\shiro\shiro-web\1.3.2\shiro-web-1.3.2.jar;D:\Idea\ideaRepository\org\springframework\boot\spring-boot-starter-web\2.1.6.RELEASE\spring-boot-starter-web-2.1.6.RELEASE.jar;D:\Idea\ideaRepository\org\springframework\boot\spring-boot-starter\2.1.6.RELEASE\spring-boot-starter-2.1.6.RELEASE.jar;D:\Idea\ideaRepository\org\springframework\boot\spring-boot-starter-logging\2.1.6.RELEASE\spring-boot-starter-logging-2.1.6.RELEASE.jar;D:\Idea\ideaRepository\ch\qos\logback\logback-classic\1.2.3\logback-classic-1.2.3.jar;D:\Idea\ideaRepository\ch\qos\logback\logback-core\1.2.3\logback-core-1.2.3.jar;D:\Idea\ideaRepository\org\apache\logging\log4j\log4j-to-slf4j\2.11.2\log4j-to-slf4j-2.11.2.jar;D:\Idea\ideaRepository\org\apache\logging\log4j\log4j-api\2.11.2\log4j-api-2.11.2.jar;D:\Idea\ideaRepository\org\slf4j\jul-to-slf4j\1.7.26\jul-to-slf4j-1.7.26.jar;D:\Idea\ideaRepository\javax\annotation\javax.annotation-api\1.3.2\javax.annotation-api-1.3.2.jar;D:\Idea\ideaRepository\org\yaml\snakeyaml\1.23\snakeyaml-1.23.jar;D:\Idea\ideaRepository\org\springframework\boot\spring-boot-starter-json\2.1.6.RELEASE\spring-boot-starter-json-2.1.6.RELEASE.jar;D:\Idea\ideaRepository\com\fasterxml\jackson\datatype\jackson-datatype-jdk8\2.9.9\jackson-datatype-jdk8-2.9.9.jar;D:\Idea\ideaRepository\com\fasterxml\jackson\datatype\jackson-datatype-jsr310\2.9.9\jackson-datatype-jsr310-2.9.9.jar;D:\Idea\ideaRepository\com\fasterxml\jackson\module\jackson-module-parameter-names\2.9.9\jackson-module-parameter-names-2.9.9.jar;D:\Idea\ideaRepository\org\springframework\boot\spring-boot-starter-tomcat\2.1.6.RELEASE\spring-boot-starter-tomcat-2.1.6.RELEASE.jar;D:\Idea\ideaRepository\org\apache\tomcat\embed\tomcat-embed-core\9.0.21\tomcat-embed-core-9.0.21.jar;D:\Idea\ideaRepository\org\apache\tomcat\embed\tomcat-embed-el\9.0.21\tomcat-embed-el-9.0.21.jar;D:\Idea\ideaRepository\org\apache\tomcat\embed\tomcat-embed-websocket\9.0.21\tomcat-embed-websocket-9.0.21.jar;D:\Idea\ideaRepository\org\hibernate\validator\hibernate-validator\6.0.17.Final\hibernate-validator-6.0.17.Final.jar;D:\Idea\ideaRepository\javax\validation\validation-api\2.0.1.Final\validation-api-2.0.1.Final.jar;D:\Idea\ideaRepository\org\jboss\logging\jboss-logging\3.3.2.Final\jboss-logging-3.3.2.Final.jar;D:\Idea\ideaRepository\com\fasterxml\classmate\1.4.0\classmate-1.4.0.jar;D:\Idea\ideaRepository\org\springframework\spring-web\5.1.8.RELEASE\spring-web-5.1.8.RELEASE.jar;D:\Idea\ideaRepository\org\springframework\spring-beans\5.1.8.RELEASE\spring-beans-5.1.8.RELEASE.jar;D:\Idea\ideaRepository\org\springframework\spring-webmvc\5.1.8.RELEASE\spring-webmvc-5.1.8.RELEASE.jar;D:\Idea\ideaRepository\org\springframework\spring-context\5.1.8.RELEASE\spring-context-5.1.8.RELEASE.jar;D:\Idea\ideaRepository\org\springframework\spring-expression\5.1.8.RELEASE\spring-expression-5.1.8.RELEASE.jar;D:\Idea\ideaRepository\org\springframework\boot\spring-boot-devtools\2.1.6.RELEASE\spring-boot-devtools-2.1.6.RELEASE.jar;D:\Idea\ideaRepository\org\springframework\boot\spring-boot\2.1.6.RELEASE\spring-boot-2.1.6.RELEASE.jar;D:\Idea\ideaRepository\org\springframework\boot\spring-boot-autoconfigure\2.1.6.RELEASE\spring-boot-autoconfigure-2.1.6.RELEASE.jar;D:\Idea\ideaRepository\mysql\mysql-connector-java\8.0.16\mysql-connector-java-8.0.16.jar;D:\Idea\ideaRepository\org\springframework\boot\spring-boot-starter-data-jpa\2.1.6.RELEASE\spring-boot-starter-data-jpa-2.1.6.RELEASE.jar;D:\Idea\ideaRepository\org\springframework\boot\spring-boot-starter-jdbc\2.1.6.RELEASE\spring-boot-starter-jdbc-2.1.6.RELEASE.jar;D:\Idea\ideaRepository\com\zaxxer\HikariCP\3.2.0\HikariCP-3.2.0.jar;D:\Idea\ideaRepository\org\springframework\spring-jdbc\5.1.8.RELEASE\spring-jdbc-5.1.8.RELEASE.jar;D:\Idea\ideaRepository\javax\transaction\javax.transaction-api\1.3\javax.transaction-api-1.3.jar;D:\Idea\ideaRepository\javax\xml\bind\jaxb-api\2.3.1\jaxb-api-2.3.1.jar;D:\Idea\ideaRepository\javax\activation\javax.activation-api\1.2.0\javax.activation-api-1.2.0.jar;D:\Idea\ideaRepository\org\hibernate\hibernate-core\5.3.10.Final\hibernate-core-5.3.10.Final.jar;D:\Idea\ideaRepository\javax\persistence\javax.persistence-api\2.2\javax.persistence-api-2.2.jar;D:\Idea\ideaRepository\org\javassist\javassist\3.23.2-GA\javassist-3.23.2-GA.jar;D:\Idea\ideaRepository\net\bytebuddy\byte-buddy\1.9.13\byte-buddy-1.9.13.jar;D:\Idea\ideaRepository\antlr\antlr\2.7.7\antlr-2.7.7.jar;D:\Idea\ideaRepository\org\jboss\jandex\2.0.5.Final\jandex-2.0.5.Final.jar;D:\Idea\ideaRepository\org\dom4j\dom4j\2.1.1\dom4j-2.1.1.jar;D:\Idea\ideaRepository\org\hibernate\common\hibernate-commons-annotations\5.0.4.Final\hibernate-commons-annotations-5.0.4.Final.jar;D:\Idea\ideaRepository\org\springframework\data\spring-data-jpa\2.1.9.RELEASE\spring-data-jpa-2.1.9.RELEASE.jar;D:\Idea\ideaRepository\org\springframework\data\spring-data-commons\2.1.9.RELEASE\spring-data-commons-2.1.9.RELEASE.jar;D:\Idea\ideaRepository\org\springframework\spring-orm\5.1.8.RELEASE\spring-orm-5.1.8.RELEASE.jar;D:\Idea\ideaRepository\org\springframework\spring-tx\5.1.8.RELEASE\spring-tx-5.1.8.RELEASE.jar;D:\Idea\ideaRepository\org\springframework\spring-aspects\5.1.8.RELEASE\spring-aspects-5.1.8.RELEASE.jar;D:\Idea\ideaRepository\org\projectlombok\lombok\1.18.8\lombok-1.18.8.jar;D:\Idea\ideaRepository\org\springframework\boot\spring-boot-starter-test\2.1.6.RELEASE\spring-boot-starter-test-2.1.6.RELEASE.jar;D:\Idea\ideaRepository\org\springframework\boot\spring-boot-test\2.1.6.RELEASE\spring-boot-test-2.1.6.RELEASE.jar;D:\Idea\ideaRepository\org\springframework\boot\spring-boot-test-autoconfigure\2.1.6.RELEASE\spring-boot-test-autoconfigure-2.1.6.RELEASE.jar;D:\Idea\ideaRepository\com\jayway\jsonpath\json-path\2.4.0\json-path-2.4.0.jar;D:\Idea\ideaRepository\net\minidev\json-smart\2.3\json-smart-2.3.jar;D:\Idea\ideaRepository\net\minidev\accessors-smart\1.2\accessors-smart-1.2.jar;D:\Idea\ideaRepository\org\ow2\asm\asm\5.0.4\asm-5.0.4.jar;D:\Idea\ideaRepository\junit\junit\4.12\junit-4.12.jar;D:\Idea\ideaRepository\org\assertj\assertj-core\3.11.1\assertj-core-3.11.1.jar;D:\Idea\ideaRepository\org\mockito\mockito-core\2.23.4\mockito-core-2.23.4.jar;D:\Idea\ideaRepository\net\bytebuddy\byte-buddy-agent\1.9.13\byte-buddy-agent-1.9.13.jar;D:\Idea\ideaRepository\org\objenesis\objenesis\2.6\objenesis-2.6.jar;D:\Idea\ideaRepository\org\hamcrest\hamcrest-core\1.3\hamcrest-core-1.3.jar;D:\Idea\ideaRepository\org\hamcrest\hamcrest-library\1.3\hamcrest-library-1.3.jar;D:\Idea\ideaRepository\org\skyscreamer\jsonassert\1.5.0\jsonassert-1.5.0.jar;D:\Idea\ideaRepository\com\vaadin\external\google\android-json\0.0.20131108.vaadin1\android-json-0.0.20131108.vaadin1.jar;D:\Idea\ideaRepository\org\springframework\spring-core\5.1.8.RELEASE\spring-core-5.1.8.RELEASE.jar;D:\Idea\ideaRepository\org\springframework\spring-jcl\5.1.8.RELEASE\spring-jcl-5.1.8.RELEASE.jar;D:\Idea\ideaRepository\org\springframework\spring-test\5.1.8.RELEASE\spring-test-5.1.8.RELEASE.jar;D:\Idea\ideaRepository\org\xmlunit\xmlunit-core\2.6.2\xmlunit-core-2.6.2.jar;D:\Idea\ideaRepository\org\apache\commons\commons-lang3\3.8.1\commons-lang3-3.8.1.jar;D:\Idea\ideaRepository\com\alibaba\fastjson\1.2.30\fastjson-1.2.30.jar;D:\Idea\ideaRepository\org\springframework\boot\spring-boot-starter-aop\2.1.6.RELEASE\spring-boot-starter-aop-2.1.6.RELEASE.jar;D:\Idea\ideaRepository\org\springframework\spring-aop\5.1.8.RELEASE\spring-aop-5.1.8.RELEASE.jar;D:\Idea\ideaRepository\org\aspectj\aspectjweaver\1.9.4\aspectjweaver-1.9.4.jar;"/>
    <property name="sun.cpu.endian" value="little"/>
    <property name="user.home" value="C:\Users\Administrator"/>
    <property name="user.language" value="zh"/>
    <property name="java.specification.vendor" value="Oracle Corporation"/>
    <property name="java.home" value="D:\ProgramFiles\Java\jdk1.8\jre"/>
    <property name="basedir" value="C:\Users\Administrator\Desktop\test"/>
    <property name="file.separator" value="\"/>
    <property name="line.separator" value="&#10;"/>
    <property name="java.vm.specification.vendor" value="Oracle Corporation"/>
    <property name="java.specification.name" value="Java Platform API Specification"/>
    <property name="java.awt.graphicsenv" value="sun.awt.Win32GraphicsEnvironment"/>
    <property name="surefire.real.class.path" value="C:\Users\ADMINI~1\AppData\Local\Temp\surefire4653036642154575082\surefirebooter1703728361895539239.jar"/>
    <property name="sun.boot.class.path" value="D:\ProgramFiles\Java\jdk1.8\jre\lib\resources.jar;D:\ProgramFiles\Java\jdk1.8\jre\lib\rt.jar;D:\ProgramFiles\Java\jdk1.8\jre\lib\sunrsasign.jar;D:\ProgramFiles\Java\jdk1.8\jre\lib\jsse.jar;D:\ProgramFiles\Java\jdk1.8\jre\lib\jce.jar;D:\ProgramFiles\Java\jdk1.8\jre\lib\charsets.jar;D:\ProgramFiles\Java\jdk1.8\jre\lib\jfr.jar;D:\ProgramFiles\Java\jdk1.8\jre\classes"/>
    <property name="user.script" value=""/>
    <property name="sun.management.compiler" value="HotSpot 64-Bit Tiered Compilers"/>
    <property name="java.runtime.version" value="1.8.0_121-b13"/>
    <property name="user.name" value="Administrator"/>
    <property name="path.separator" value=";"/>
    <property name="os.version" value="10.0"/>
    <property name="java.endorsed.dirs" value="D:\ProgramFiles\Java\jdk1.8\jre\lib\endorsed"/>
    <property name="java.runtime.name" value="Java(TM) SE Runtime Environment"/>
    <property name="file.encoding" value="GBK"/>
    <property name="java.vm.name" value="Java HotSpot(TM) 64-Bit Server VM"/>
    <property name="localRepository" value="D:\Idea\ideaRepository"/>
    <property name="java.vendor.url.bug" value="http://bugreport.sun.com/bugreport/"/>
    <property name="java.io.tmpdir" value="C:\Users\ADMINI~1\AppData\Local\Temp\"/>
    <property name="java.version" value="1.8.0_121"/>
    <property name="user.dir" value="C:\Users\Administrator\Desktop\test"/>
    <property name="os.arch" value="amd64"/>
    <property name="java.vm.specification.name" value="Java Virtual Machine Specification"/>
    <property name="java.awt.printerjob" value="sun.awt.windows.WPrinterJob"/>
    <property name="idea.version2019.1.3" value="true"/>
    <property name="sun.os.patch.level" value=""/>
    <property name="java.library.path" value="D:\ProgramFiles\Java\jdk1.8\jre\bin;C:\Windows\Sun\Java\bin;C:\Windows\system32;C:\Windows;F:\SecureCRT\;F:\Python\Scripts\;F:\Python\;C:\ProgramData\Oracle\Java\javapath;D:\app\Administrator\product\11.2.0\dbhome_1\bin;C:\Program Files (x86)\Intel\iCLS Client\;C:\Program Files\Intel\iCLS Client\;C:\Windows\system32;C:\Windows;C:\Windows\System32\Wbem;C:\Windows\System32\WindowsPowerShell\v1.0\;C:\Program Files (x86)\NVIDIA Corporation\PhysX\Common;C:\Program Files (x86)\Intel\Intel(R) Management Engine Components\DAL;C:\Program Files\Intel\Intel(R) Management Engine Components\DAL;C:\Program Files (x86)\Intel\Intel(R) Management Engine Components\IPT;C:\Program Files\Intel\Intel(R) Management Engine Components\IPT;C:\Windows\system32;C:\Windows;C:\Windows\System32\Wbem;C:\Windows\System32\WindowsPowerShell\v1.0\;C:\Windows\System32\OpenSSH\;D:\ProgramFiles\Java\jdk1.8\bin;C:\Program Files\TortoiseSVN\bin;F:\apache-maven-3.5.4\bin;F:\Brackets\command;F:\Git\cmd;C:\Users\Administrator\AppData\Local\Microsoft\WindowsApps;;."/>
    <property name="java.vm.info" value="mixed mode"/>
    <property name="java.vendor" value="Oracle Corporation"/>
    <property name="java.vm.version" value="25.121-b13"/>
    <property name="java.ext.dirs" value="D:\ProgramFiles\Java\jdk1.8\jre\lib\ext;C:\Windows\Sun\Java\lib\ext"/>
    <property name="sun.io.unicode.encoding" value="UnicodeLittle"/>
    <property name="java.class.version" value="52.0"/>
  </properties>
  <testcase name="shouldAnswerWithTrue" classname="yq.AppTest" time="0.002"/>
</testsuite>